<?xml version="1.0" encoding="UTF-8"?>
<!-- Generated by org.testng.reporters.JUnitXMLReporter -->
<testsuite hostname="rajatvera01" ignored="0" name="Default test" tests="3" failures="0" timestamp="2021-09-10T00:47:06 IST" time="0.416" errors="0">
  <testcase name="TC_Login_UsingDataProvider" time="0.006" classname="_11_3_TestNG.Parameterization.Using_DataProviders_ExcelSheet._11_TC_Login_UsingDataProvider1"/>
  <testcase name="TC_Login_UsingDataProvider" time="0.001" classname="_11_3_TestNG.Parameterization.Using_DataProviders_ExcelSheet._11_TC_Login_UsingDataProvider1"/>
  <testcase name="TC_Login_UsingDataProvider" time="0.001" classname="_11_3_TestNG.Parameterization.Using_DataProviders_ExcelSheet._11_TC_Login_UsingDataProvider1"/>
</testsuite> <!-- Default test -->
