<?xml version="1.0" encoding="UTF-8"?>
<!-- Generated by org.testng.reporters.JUnitXMLReporter -->
<testsuite ignored="3" hostname="DESKTOP-ICSBMB7" failures="0" tests="2" name="Credit card" time="0.086" errors="0" timestamp="2021-07-04T16:30:10 IST">
  <testcase classname="_04_TestNG.Grouping.CreditCard_MASTER" name="TC_CreditCard_MASTER_1" time="0.012"/>
  <testcase classname="_04_TestNG.Grouping.CreditCard_VISA" name="TC_CreditCard_Visa_1" time="0.002"/>
  <testcase classname="_04_TestNG.Grouping.CreditCard_MASTER" name="TC_CreditCard_MASTER_3" time="0.0">
    <ignored/>
  </testcase> <!-- TC_CreditCard_MASTER_3 -->
  <testcase classname="_04_TestNG.Grouping.CreditCard_MASTER" name="TC_CreditCard_MASTER_2" time="0.0">
    <ignored/>
  </testcase> <!-- TC_CreditCard_MASTER_2 -->
  <testcase classname="_04_TestNG.Grouping.CreditCard_VISA" name="TC_CreditCard_Visa_2" time="0.0">
    <ignored/>
  </testcase> <!-- TC_CreditCard_Visa_2 -->
</testsuite> <!-- Credit card -->
